0 verbose cli C:\Program Files\nodejs\node.exe C:\Users\Benedict\AppData\Roaming\npm\node_modules\npm\bin\npm-cli.js
1 info using npm@10.2.3
2 info using node@v20.9.0
3 timing npm:load:whichnode Completed in 3ms
4 timing config:load:defaults Completed in 4ms
5 timing config:load:file:C:\Users\Benedict\AppData\Roaming\npm\node_modules\npm\npmrc Completed in 7ms
6 timing config:load:builtin Completed in 9ms
7 timing config:load:cli Completed in 4ms
8 timing config:load:env Completed in 1ms
9 timing config:load:file:C:\Users\Benedict\Desktop\LocalGithub\Native\reminder\.npmrc Completed in 0ms
10 timing config:load:project Completed in 2ms
11 timing config:load:file:C:\Users\Benedict\.npmrc Completed in 0ms
12 timing config:load:user Completed in 1ms
13 timing config:load:file:C:\Users\Benedict\AppData\Roaming\npm\etc\npmrc Completed in 0ms
14 timing config:load:global Completed in 0ms
15 timing config:load:setEnvs Completed in 2ms
16 timing config:load Completed in 23ms
17 timing npm:load:configload Completed in 23ms
18 timing config:load:flatten Completed in 3ms
19 timing npm:load:mkdirpcache Completed in 1ms
20 timing npm:load:mkdirplogs Completed in 1ms
21 verbose title npm start
22 verbose argv "start" "-cache" "clear" "--force"
23 timing npm:load:setTitle Completed in 1ms
24 timing npm:load:display Completed in 1ms
25 verbose logfile logs-max:10 dir:C:\Users\Benedict\Desktop\LocalGithub\Native\reminder\clear\_logs\2024-02-28T21_36_15_288Z-
26 verbose logfile C:\Users\Benedict\Desktop\LocalGithub\Native\reminder\clear\_logs\2024-02-28T21_36_15_288Z-debug-0.log
27 timing npm:load:logFile Completed in 12ms
28 timing npm:load:timers Completed in 0ms
29 timing npm:load:configScope Completed in 0ms
30 warn using --force Recommended protections disabled.
31 timing npm:load Completed in 90ms
32 silly logfile done cleaning log files
33 http fetch GET 200 https://registry.npmjs.org/npm 2106ms (cache miss)
34 http fetch GET 200 https://registry.npmjs.org/npm 4542ms (cache miss)
35 timing command:run-script Completed in 4006793ms
36 timing command:start Completed in 4006812ms
37 notice
37 notice New [33mminor[39m version of npm available! [31m10.2.3[39m -> [32m10.5.0[39m
37 notice Changelog: [36mhttps://github.com/npm/cli/releases/tag/v10.5.0[39m
37 notice Run [32mnpm install -g npm@10.5.0[39m to update!
37 notice
38 verbose exit 0
39 timing npm Completed in 4007029ms
40 info ok
