0 verbose cli C:\Program Files\nodejs\node.exe C:\Users\Benedict\AppData\Roaming\npm\node_modules\npm\bin\npm-cli.js
1 info using npm@10.2.3
2 info using node@v20.9.0
3 timing npm:load:whichnode Completed in 179ms
4 timing config:load:defaults Completed in 5ms
5 timing config:load:file:C:\Users\Benedict\AppData\Roaming\npm\node_modules\npm\npmrc Completed in 15ms
6 timing config:load:builtin Completed in 17ms
7 timing config:load:cli Completed in 6ms
8 timing config:load:env Completed in 1ms
9 timing config:load:file:C:\Users\Benedict\Desktop\LocalGithub\Native\reminder\.npmrc Completed in 1ms
10 timing config:load:project Completed in 3ms
11 timing config:load:file:C:\Users\Benedict\.npmrc Completed in 0ms
12 timing config:load:user Completed in 0ms
13 timing config:load:file:C:\Users\Benedict\AppData\Roaming\npm\etc\npmrc Completed in 0ms
14 timing config:load:global Completed in 1ms
15 timing config:load:setEnvs Completed in 2ms
16 timing config:load Completed in 36ms
17 timing npm:load:configload Completed in 36ms
18 timing config:load:flatten Completed in 25ms
19 timing npm:load:mkdirpcache Completed in 19ms
20 timing npm:load:mkdirplogs Completed in 24ms
21 verbose title npm start
22 verbose argv "start" "-cache" "clear" "--force"
23 timing npm:load:setTitle Completed in 15ms
24 timing npm:load:display Completed in 1ms
25 verbose logfile logs-max:10 dir:C:\Users\Benedict\Desktop\LocalGithub\Native\reminder\clear\_logs\2024-03-01T11_16_11_610Z-
26 verbose logfile C:\Users\Benedict\Desktop\LocalGithub\Native\reminder\clear\_logs\2024-03-01T11_16_11_610Z-debug-0.log
27 timing npm:load:logFile Completed in 103ms
28 timing npm:load:timers Completed in 0ms
29 timing npm:load:configScope Completed in 0ms
30 warn using --force Recommended protections disabled.
31 timing npm:load Completed in 927ms
32 silly logfile done cleaning log files
33 timing command:run-script Completed in 824258ms
34 timing command:start Completed in 824340ms
35 verbose exit 0
36 timing npm Completed in 825750ms
37 info ok
